<?xml version="1.0" encoding="UTF-8"?>
<testsuite name="ContactsTest" tests="1" skipped="0" failures="1" errors="0" timestamp="2020-11-22T18:33:37" hostname="DESKTOP-TKG0H6F" time="0.374">
  <properties/>
  <testcase name="start" classname="ContactsTest" time="0.374">
    <failure message="java.lang.AssertionError: Wrong answer in test #10&#10;&#10;Search by phone number is not working&#10;&#10;Please find below the output of your program during this failed test.&#10;Note that the '&gt;' character indicates the beginning of the input line.&#10;&#10;---&#10;&#10;[menu] Enter action (add, list, search, count, exit):&#10;&gt; add&#10;Enter the type (person, organization):&#10;&gt; organization&#10;Enter the organization name:&#10;&gt; Pizza Shop&#10;Enter the address:&#10;&gt; Wall St. 1&#10;Enter the number:&#10;&gt; +0 (123) 456-789-9999&#10;The record added.&#10;&#10;[menu] Enter action (add, list, search, count, exit):&#10;&gt; add&#10;Enter the type (person, organization):&#10;&gt; person&#10;Enter the name:&#10;&gt; John&#10;Enter the surname:&#10;&gt; Smith&#10;Enter the birth date:&#10;&gt; &#10;Bad birth date!&#10;Enter the gender (M, F):&#10;&gt; &#10;Bad gender!&#10;Enter the number:&#10;&gt; 123 456 789&#10;The record added.&#10;&#10;[menu] Enter action (add, list, search, count, exit):&#10;&gt; add&#10;Enter the type (person, organization):&#10;&gt; organization&#10;Enter the organization name:&#10;&gt; PizzaNuts&#10;Enter the address:&#10;&gt; Wall St. 6&#10;Enter the number:&#10;&gt; +0 (123) 456-781-9999&#10;The record added.&#10;&#10;[menu] Enter action (add, list, search, count, exit):&#10;&gt; search&#10;Enter search query:&#10;&gt; 789&#10;Found 0 results:&#10;&#10;[search] Enter action ([number], back, again):&#10;&gt; 1&#10;Organization name: Pizza Shop&#10;Address: Wall St. 1&#10;Number: +0 (123) 456-789-9999&#10;Time created: 2020-11-22T21:33&#10;Time last edit: 2020-11-22T21:33&#10;&#10;[record] Enter action (edit, delete, menu):&#10;&gt; menu&#10;&#10;[menu] Enter action (add, list, search, count, exit):&#10;&gt; exit" type="java.lang.AssertionError">java.lang.AssertionError: Wrong answer in test #10

Search by phone number is not working

Please find below the output of your program during this failed test.
Note that the '&gt;' character indicates the beginning of the input line.

---

[menu] Enter action (add, list, search, count, exit):
&gt; add
Enter the type (person, organization):
&gt; organization
Enter the organization name:
&gt; Pizza Shop
Enter the address:
&gt; Wall St. 1
Enter the number:
&gt; +0 (123) 456-789-9999
The record added.

[menu] Enter action (add, list, search, count, exit):
&gt; add
Enter the type (person, organization):
&gt; person
Enter the name:
&gt; John
Enter the surname:
&gt; Smith
Enter the birth date:
&gt; 
Bad birth date!
Enter the gender (M, F):
&gt; 
Bad gender!
Enter the number:
&gt; 123 456 789
The record added.

[menu] Enter action (add, list, search, count, exit):
&gt; add
Enter the type (person, organization):
&gt; organization
Enter the organization name:
&gt; PizzaNuts
Enter the address:
&gt; Wall St. 6
Enter the number:
&gt; +0 (123) 456-781-9999
The record added.

[menu] Enter action (add, list, search, count, exit):
&gt; search
Enter search query:
&gt; 789
Found 0 results:

[search] Enter action ([number], back, again):
&gt; 1
Organization name: Pizza Shop
Address: Wall St. 1
Number: +0 (123) 456-789-9999
Time created: 2020-11-22T21:33
Time last edit: 2020-11-22T21:33

[record] Enter action (edit, delete, menu):
&gt; menu

[menu] Enter action (add, list, search, count, exit):
&gt; exit
	at org.junit.Assert.fail(Assert.java:88)
	at org.hyperskill.hstest.stage.StageTest.start(StageTest.java:103)
	at java.base/jdk.internal.reflect.NativeMethodAccessorImpl.invoke0(Native Method)
	at java.base/jdk.internal.reflect.NativeMethodAccessorImpl.invoke(NativeMethodAccessorImpl.java:62)
	at java.base/jdk.internal.reflect.DelegatingMethodAccessorImpl.invoke(DelegatingMethodAccessorImpl.java:43)
	at java.base/java.lang.reflect.Method.invoke(Method.java:566)
	at org.junit.runners.model.FrameworkMethod$1.runReflectiveCall(FrameworkMethod.java:50)
	at org.junit.internal.runners.model.ReflectiveCallable.run(ReflectiveCallable.java:12)
	at org.junit.runners.model.FrameworkMethod.invokeExplosively(FrameworkMethod.java:47)
	at org.junit.internal.runners.statements.InvokeMethod.evaluate(InvokeMethod.java:17)
	at org.junit.runners.ParentRunner.runLeaf(ParentRunner.java:325)
	at org.junit.runners.BlockJUnit4ClassRunner.runChild(BlockJUnit4ClassRunner.java:78)
	at org.junit.runners.BlockJUnit4ClassRunner.runChild(BlockJUnit4ClassRunner.java:57)
	at org.junit.runners.ParentRunner$3.run(ParentRunner.java:290)
	at org.junit.runners.ParentRunner$1.schedule(ParentRunner.java:71)
	at org.junit.runners.ParentRunner.runChildren(ParentRunner.java:288)
	at org.junit.runners.ParentRunner.access$000(ParentRunner.java:58)
	at org.junit.runners.ParentRunner$2.evaluate(ParentRunner.java:268)
	at org.junit.runners.ParentRunner.run(ParentRunner.java:363)
	at org.gradle.api.internal.tasks.testing.junit.JUnitTestClassExecutor.runTestClass(JUnitTestClassExecutor.java:110)
	at org.gradle.api.internal.tasks.testing.junit.JUnitTestClassExecutor.execute(JUnitTestClassExecutor.java:58)
	at org.gradle.api.internal.tasks.testing.junit.JUnitTestClassExecutor.execute(JUnitTestClassExecutor.java:38)
	at org.gradle.api.internal.tasks.testing.junit.AbstractJUnitTestClassProcessor.processTestClass(AbstractJUnitTestClassProcessor.java:62)
	at org.gradle.api.internal.tasks.testing.SuiteTestClassProcessor.processTestClass(SuiteTestClassProcessor.java:51)
	at java.base/jdk.internal.reflect.NativeMethodAccessorImpl.invoke0(Native Method)
	at java.base/jdk.internal.reflect.NativeMethodAccessorImpl.invoke(NativeMethodAccessorImpl.java:62)
	at java.base/jdk.internal.reflect.DelegatingMethodAccessorImpl.invoke(DelegatingMethodAccessorImpl.java:43)
	at java.base/java.lang.reflect.Method.invoke(Method.java:566)
	at org.gradle.internal.dispatch.ReflectionDispatch.dispatch(ReflectionDispatch.java:36)
	at org.gradle.internal.dispatch.ReflectionDispatch.dispatch(ReflectionDispatch.java:24)
	at org.gradle.internal.dispatch.ContextClassLoaderDispatch.dispatch(ContextClassLoaderDispatch.java:33)
	at org.gradle.internal.dispatch.ProxyDispatchAdapter$DispatchingInvocationHandler.invoke(ProxyDispatchAdapter.java:94)
	at com.sun.proxy.$Proxy2.processTestClass(Unknown Source)
	at org.gradle.api.internal.tasks.testing.worker.TestWorker.processTestClass(TestWorker.java:119)
	at java.base/jdk.internal.reflect.NativeMethodAccessorImpl.invoke0(Native Method)
	at java.base/jdk.internal.reflect.NativeMethodAccessorImpl.invoke(NativeMethodAccessorImpl.java:62)
	at java.base/jdk.internal.reflect.DelegatingMethodAccessorImpl.invoke(DelegatingMethodAccessorImpl.java:43)
	at java.base/java.lang.reflect.Method.invoke(Method.java:566)
	at org.gradle.internal.dispatch.ReflectionDispatch.dispatch(ReflectionDispatch.java:36)
	at org.gradle.internal.dispatch.ReflectionDispatch.dispatch(ReflectionDispatch.java:24)
	at org.gradle.internal.remote.internal.hub.MessageHubBackedObjectConnection$DispatchWrapper.dispatch(MessageHubBackedObjectConnection.java:182)
	at org.gradle.internal.remote.internal.hub.MessageHubBackedObjectConnection$DispatchWrapper.dispatch(MessageHubBackedObjectConnection.java:164)
	at org.gradle.internal.remote.internal.hub.MessageHub$Handler.run(MessageHub.java:414)
	at org.gradle.internal.concurrent.ExecutorPolicy$CatchAndRecordFailures.onExecute(ExecutorPolicy.java:64)
	at org.gradle.internal.concurrent.ManagedExecutorImpl$1.run(ManagedExecutorImpl.java:48)
	at java.base/java.util.concurrent.ThreadPoolExecutor.runWorker(ThreadPoolExecutor.java:1128)
	at java.base/java.util.concurrent.ThreadPoolExecutor$Worker.run(ThreadPoolExecutor.java:628)
	at org.gradle.internal.concurrent.ThreadFactoryImpl$ManagedThreadRunnable.run(ThreadFactoryImpl.java:56)
	at java.base/java.lang.Thread.run(Thread.java:834)
</failure>
  </testcase>
  <system-out><![CDATA[?[1;31m
Start test 1?[0m
[menu] Enter action (add, list, search, count, exit):
> exit
?[1;31m
Start test 2?[0m
[menu] Enter action (add, list, search, count, exit):
> count
The Phone Book has 0 records.

[menu] Enter action (add, list, search, count, exit):
> exit
?[1;31m
Start test 3?[0m
[menu] Enter action (add, list, search, count, exit):
> add
Enter the type (person, organization):
> person
Enter the name:
> John
Enter the surname:
> Smith
Enter the birth date:
> 
Bad birth date!
Enter the gender (M, F):
> 
Bad gender!
Enter the number:
> 123 456 789
The record added.

[menu] Enter action (add, list, search, count, exit):
> count
The Phone Book has 1 records.

[menu] Enter action (add, list, search, count, exit):
> exit
?[1;31m
Start test 4?[0m
[menu] Enter action (add, list, search, count, exit):
> add
Enter the type (person, organization):
> person
Enter the name:
> John
Enter the surname:
> Smith
Enter the birth date:
> 
Bad birth date!
Enter the gender (M, F):
> 
Bad gender!
Enter the number:
> 123 456 789
The record added.

[menu] Enter action (add, list, search, count, exit):
> list
1. John Smith

[list] Enter action ([number], back):
> 1
Name: John
Surname: Smith
Birth date: [no data]
Gender: [no data]
Number: 123 456 789
Time created: 2020-11-22T21:33
Time last edit: 2020-11-22T21:33

[record] Enter action (edit, delete, menu):
> menu

[menu] Enter action (add, list, search, count, exit):
> exit
?[1;31m
Start test 5?[0m
[menu] Enter action (add, list, search, count, exit):
> add
Enter the type (person, organization):
> organization
Enter the organization name:
> Pizza Shop
Enter the address:
> Wall St. 1
Enter the number:
> +0 (123) 456-789-9999
The record added.

[menu] Enter action (add, list, search, count, exit):
> list
1. Pizza Shop

[list] Enter action ([number], back):
> 1
Organization name: Pizza Shop
Address: Wall St. 1
Number: +0 (123) 456-789-9999
Time created: 2020-11-22T21:33
Time last edit: 2020-11-22T21:33

[record] Enter action (edit, delete, menu):
> menu

[menu] Enter action (add, list, search, count, exit):
> exit
?[1;31m
Start test 6?[0m
[menu] Enter action (add, list, search, count, exit):
> add
Enter the type (person, organization):
> person
Enter the name:
> John
Enter the surname:
> Smith
Enter the birth date:
> 
Bad birth date!
Enter the gender (M, F):
> 
Bad gender!
Enter the number:
> 123 456 789
The record added.

[menu] Enter action (add, list, search, count, exit):
> list
1. John Smith

[list] Enter action ([number], back):
> 1
Name: John
Surname: Smith
Birth date: [no data]
Gender: [no data]
Number: 123 456 789
Time created: 2020-11-22T21:33
Time last edit: 2020-11-22T21:33

[record] Enter action (edit, delete, menu):
> edit
Select a field (name, surname, birth, gender, number):
> gender
Enter gender:
> M
The record updated!

[record] Enter action (edit, delete, menu):
> menu

[menu] Enter action (add, list, search, count, exit):
> list
1. John Smith

[list] Enter action ([number], back):
> 1
Name: John
Surname: Smith
Birth date: [no data]
Gender: M
Number: 123 456 789
Time created: 2020-11-22T21:33
Time last edit: 2020-11-22T21:33

[record] Enter action (edit, delete, menu):
> menu

[menu] Enter action (add, list, search, count, exit):
> exit
?[1;31m
Start test 7?[0m
[menu] Enter action (add, list, search, count, exit):
> add
Enter the type (person, organization):
> organization
Enter the organization name:
> Pizza Shop
Enter the address:
> Wall St. 1
Enter the number:
> +0 (123) 456-789-9999
The record added.

[menu] Enter action (add, list, search, count, exit):
> list
1. Pizza Shop

[list] Enter action ([number], back):
> 1
Organization name: Pizza Shop
Address: Wall St. 1
Number: +0 (123) 456-789-9999
Time created: 2020-11-22T21:33
Time last edit: 2020-11-22T21:33

[record] Enter action (edit, delete, menu):
> edit
Select a field (name, address, number):
> address
Enter address:
> Wall St 2
The record updated!

[record] Enter action (edit, delete, menu):
> menu

[menu] Enter action (add, list, search, count, exit):
> list
1. Pizza Shop

[list] Enter action ([number], back):
> 1
Organization name: Pizza Shop
Address: Wall St 2
Number: +0 (123) 456-789-9999
Time created: 2020-11-22T21:33
Time last edit: 2020-11-22T21:33

[record] Enter action (edit, delete, menu):
> menu

[menu] Enter action (add, list, search, count, exit):
> exit
?[1;31m
Start test 8?[0m
[menu] Enter action (add, list, search, count, exit):
> add
Enter the type (person, organization):
> organization
Enter the organization name:
> Pizza Shop
Enter the address:
> Wall St. 1
Enter the number:
> +0 (123) 456-789-9999
The record added.

[menu] Enter action (add, list, search, count, exit):
> add
Enter the type (person, organization):
> person
Enter the name:
> John
Enter the surname:
> Smith
Enter the birth date:
> 
Bad birth date!
Enter the gender (M, F):
> 
Bad gender!
Enter the number:
> 123 456 789
The record added.

[menu] Enter action (add, list, search, count, exit):
> add
Enter the type (person, organization):
> organization
Enter the organization name:
> PizzaNuts
Enter the address:
> Wall St. 6
Enter the number:
> +0 (123) 456-789-9999
The record added.

[menu] Enter action (add, list, search, count, exit):
> search
Enter search query:
> pizz
Found 2 results:
1. Pizza Shop
2. PizzaNuts

[search] Enter action ([number], back, again):
> 1
Organization name: Pizza Shop
Address: Wall St. 1
Number: +0 (123) 456-789-9999
Time created: 2020-11-22T21:33
Time last edit: 2020-11-22T21:33

[record] Enter action (edit, delete, menu):
> menu

[menu] Enter action (add, list, search, count, exit):
> exit
?[1;31m
Start test 9?[0m
[menu] Enter action (add, list, search, count, exit):
> add
Enter the type (person, organization):
> organization
Enter the organization name:
> Pizza Shop
Enter the address:
> Wall St. 1
Enter the number:
> +0 (123) 456-789-9999
The record added.

[menu] Enter action (add, list, search, count, exit):
> add
Enter the type (person, organization):
> person
Enter the name:
> John
Enter the surname:
> Smith
Enter the birth date:
> 
Bad birth date!
Enter the gender (M, F):
> 
Bad gender!
Enter the number:
> 123 456 789
The record added.

[menu] Enter action (add, list, search, count, exit):
> add
Enter the type (person, organization):
> organization
Enter the organization name:
> PizzaNuts
Enter the address:
> Wall St. 6
Enter the number:
> +0 (123) 456-789-9999
The record added.

[menu] Enter action (add, list, search, count, exit):
> search
Enter search query:
> s
Found 3 results:
1. Pizza Shop
2. John Smith
3. PizzaNuts

[search] Enter action ([number], back, again):
> 1
Organization name: Pizza Shop
Address: Wall St. 1
Number: +0 (123) 456-789-9999
Time created: 2020-11-22T21:33
Time last edit: 2020-11-22T21:33

[record] Enter action (edit, delete, menu):
> menu

[menu] Enter action (add, list, search, count, exit):
> exit
?[1;31m
Start test 10?[0m
[menu] Enter action (add, list, search, count, exit):
> add
Enter the type (person, organization):
> organization
Enter the organization name:
> Pizza Shop
Enter the address:
> Wall St. 1
Enter the number:
> +0 (123) 456-789-9999
The record added.

[menu] Enter action (add, list, search, count, exit):
> add
Enter the type (person, organization):
> person
Enter the name:
> John
Enter the surname:
> Smith
Enter the birth date:
> 
Bad birth date!
Enter the gender (M, F):
> 
Bad gender!
Enter the number:
> 123 456 789
The record added.

[menu] Enter action (add, list, search, count, exit):
> add
Enter the type (person, organization):
> organization
Enter the organization name:
> PizzaNuts
Enter the address:
> Wall St. 6
Enter the number:
> +0 (123) 456-781-9999
The record added.

[menu] Enter action (add, list, search, count, exit):
> search
Enter search query:
> 789
Found 0 results:

[search] Enter action ([number], back, again):
> 1
Organization name: Pizza Shop
Address: Wall St. 1
Number: +0 (123) 456-789-9999
Time created: 2020-11-22T21:33
Time last edit: 2020-11-22T21:33

[record] Enter action (edit, delete, menu):
> menu

[menu] Enter action (add, list, search, count, exit):
> exit
]]></system-out>
  <system-err><![CDATA[]]></system-err>
</testsuite>
